This is pdfTeX, Version 3.141592653-2.6-1.40.22 (TeX Live 2022/dev/Debian) (preloaded format=pdflatex 2023.9.20)  11 APR 2024 12:02
entering extended mode
 restricted \write18 enabled.
 %&-line parsing enabled.
**docs/latex/conception.tex
(./docs/latex/conception.tex
LaTeX2e <2021-11-15> patch level 1
L3 programming layer <2022-01-21>
(/usr/share/texlive/texmf-dist/tex/latex/base/article.cls
Document Class: article 2021/10/04 v1.4n Standard LaTeX document class
(/usr/share/texlive/texmf-dist/tex/latex/base/size10.clo
File: size10.clo 2021/10/04 v1.4n Standard LaTeX file (size option)
)
\c@part=\count185
\c@section=\count186
\c@subsection=\count187
\c@subsubsection=\count188
\c@paragraph=\count189
\c@subparagraph=\count190
\c@figure=\count191
\c@table=\count192
\abovecaptionskip=\skip47
\belowcaptionskip=\skip48
\bibindent=\dimen138
)
(/usr/share/texlive/texmf-dist/tex/latex/base/inputenc.sty
Package: inputenc 2021/02/14 v1.3d Input encoding file
\inpenc@prehook=\toks16
\inpenc@posthook=\toks17
)
(/usr/share/texlive/texmf-dist/tex/latex/graphics/graphicx.sty
Package: graphicx 2021/09/16 v1.2d Enhanced LaTeX Graphics (DPC,SPQR)

(/usr/share/texlive/texmf-dist/tex/latex/graphics/keyval.sty
Package: keyval 2014/10/28 v1.15 key=value parser (DPC)
\KV@toks@=\toks18
)
(/usr/share/texlive/texmf-dist/tex/latex/graphics/graphics.sty
Package: graphics 2021/03/04 v1.4d Standard LaTeX Graphics (DPC,SPQR)

(/usr/share/texlive/texmf-dist/tex/latex/graphics/trig.sty
Package: trig 2021/08/11 v1.11 sin cos tan (DPC)
)
(/usr/share/texlive/texmf-dist/tex/latex/graphics-cfg/graphics.cfg
File: graphics.cfg 2016/06/04 v1.11 sample graphics configuration
)
Package graphics Info: Driver file: pdftex.def on input line 107.

(/usr/share/texlive/texmf-dist/tex/latex/graphics-def/pdftex.def
File: pdftex.def 2020/10/05 v1.2a Graphics/color driver for pdftex
))
\Gin@req@height=\dimen139
\Gin@req@width=\dimen140
)
(/usr/share/texlive/texmf-dist/tex/latex/adjustbox/adjustbox.sty
Package: adjustbox 2020/08/19 v1.3 Adjusting TeX boxes (trim, clip, ...)

(/usr/share/texlive/texmf-dist/tex/latex/xkeyval/xkeyval.sty
Package: xkeyval 2020/11/20 v2.8 package option processing (HA)

(/usr/share/texlive/texmf-dist/tex/generic/xkeyval/xkeyval.tex
(/usr/share/texlive/texmf-dist/tex/generic/xkeyval/xkvutils.tex
\XKV@toks=\toks19
\XKV@tempa@toks=\toks20
)
\XKV@depth=\count193
File: xkeyval.tex 2014/12/03 v2.7a key=value parser (HA)
))
(/usr/share/texlive/texmf-dist/tex/latex/adjustbox/adjcalc.sty
Package: adjcalc 2012/05/16 v1.1 Provides advanced setlength with multiple back
-ends (calc, etex, pgfmath)
)
(/usr/share/texlive/texmf-dist/tex/latex/adjustbox/trimclip.sty
Package: trimclip 2020/08/19 v1.2 Trim and clip general TeX material

(/usr/share/texlive/texmf-dist/tex/latex/collectbox/collectbox.sty
Package: collectbox 2012/05/17 v0.4b Collect macro arguments as boxes
\collectedbox=\box50
)
\tc@llx=\dimen141
\tc@lly=\dimen142
\tc@urx=\dimen143
\tc@ury=\dimen144
Package trimclip Info: Using driver 'tc-pdftex.def'.

(/usr/share/texlive/texmf-dist/tex/latex/adjustbox/tc-pdftex.def
File: tc-pdftex.def 2019/01/04 v2.2 Clipping driver for pdftex
))
\adjbox@Width=\dimen145
\adjbox@Height=\dimen146
\adjbox@Depth=\dimen147
\adjbox@Totalheight=\dimen148
\adjbox@pwidth=\dimen149
\adjbox@pheight=\dimen150
\adjbox@pdepth=\dimen151
\adjbox@ptotalheight=\dimen152

(/usr/share/texlive/texmf-dist/tex/latex/ifoddpage/ifoddpage.sty
Package: ifoddpage 2016/04/23 v1.1 Conditionals for odd/even page detection
\c@checkoddpage=\count194
)
(/usr/share/texlive/texmf-dist/tex/latex/varwidth/varwidth.sty
Package: varwidth 2009/03/30 ver 0.92;  Variable-width minipages
\@vwid@box=\box51
\sift@deathcycles=\count195
\@vwid@loff=\dimen153
\@vwid@roff=\dimen154
))
(/usr/share/texlive/texmf-dist/tex/latex/l3backend/l3backend-pdftex.def
File: l3backend-pdftex.def 2022-01-12 L3 backend support: PDF output (pdfTeX)
\l__color_backend_stack_int=\count196
\l__pdf_internal_box=\box52
)
(docs/latex/out//conception.aux

LaTeX Warning: Label `fig:enter-label' multiply defined.


LaTeX Warning: Label `fig:enter-label' multiply defined.


LaTeX Warning: Label `fig:enter-label' multiply defined.


LaTeX Warning: Label `fig:enter-label' multiply defined.


LaTeX Warning: Label `fig:enter-label' multiply defined.

)
\openout1 = `conception.aux'.

LaTeX Font Info:    Checking defaults for OML/cmm/m/it on input line 11.
LaTeX Font Info:    ... okay on input line 11.
LaTeX Font Info:    Checking defaults for OMS/cmsy/m/n on input line 11.
LaTeX Font Info:    ... okay on input line 11.
LaTeX Font Info:    Checking defaults for OT1/cmr/m/n on input line 11.
LaTeX Font Info:    ... okay on input line 11.
LaTeX Font Info:    Checking defaults for T1/cmr/m/n on input line 11.
LaTeX Font Info:    ... okay on input line 11.
LaTeX Font Info:    Checking defaults for TS1/cmr/m/n on input line 11.
LaTeX Font Info:    ... okay on input line 11.
LaTeX Font Info:    Checking defaults for OMX/cmex/m/n on input line 11.
LaTeX Font Info:    ... okay on input line 11.
LaTeX Font Info:    Checking defaults for U/cmr/m/n on input line 11.
LaTeX Font Info:    ... okay on input line 11.
 (/usr/share/texlive/texmf-dist/tex/context/base/mkii/supp-pdf.mkii
[Loading MPS to PDF converter (version 2006.09.02).]
\scratchcounter=\count197
\scratchdimen=\dimen155
\scratchbox=\box53
\nofMPsegments=\count198
\nofMParguments=\count199
\everyMPshowfont=\toks21
\MPscratchCnt=\count266
\MPscratchDim=\dimen156
\MPnumerator=\count267
\makeMPintoPDFobject=\count268
\everyMPtoPDFconversion=\toks22
) (/usr/share/texlive/texmf-dist/tex/latex/epstopdf-pkg/epstopdf-base.sty
Package: epstopdf-base 2020-01-24 v2.11 Base part for package epstopdf
Package epstopdf-base Info: Redefining graphics rule for `.eps' on input line 4
85.

(/usr/share/texlive/texmf-dist/tex/latex/latexconfig/epstopdf-sys.cfg
File: epstopdf-sys.cfg 2010/07/13 v1.3 Configuration of (r)epstopdf for TeX Liv
e
))
<docs/latex/images//ensimag_logo.png, id=1, 281.05pt x 122.4575pt>
File: docs/latex/images//ensimag_logo.png Graphic file (type png)
<use docs/latex/images//ensimag_logo.png>
Package pdftex.def Info: docs/latex/images//ensimag_logo.png  used on input lin
e 18.
(pdftex.def)             Requested size: 155.24895pt x 67.64331pt.
LaTeX Font Info:    External font `cmex10' loaded for size
(Font)              <12> on input line 21.
LaTeX Font Info:    External font `cmex10' loaded for size
(Font)              <8> on input line 21.
LaTeX Font Info:    External font `cmex10' loaded for size
(Font)              <6> on input line 21.

[1

{/var/lib/texmf/fonts/map/pdftex/updmap/pdftex.map} <./docs/latex/images//ensim
ag_logo.png>] (docs/latex/out//conception.toc)
\tf@toc=\write3
\openout3 = `conception.toc'.

 [1]
Overfull \hbox (15.29488pt too wide) in paragraph at lines 48--49
\OT1/cmr/m/n/12 Pour impl^^Sementer ce jeu de sim-u-la-tion, nous avons adopt^^
Se l'architecture
 []

[2]
<docs/latex/images//Model.png, id=20, 1764.5925pt x 696.6025pt>
File: docs/latex/images//Model.png Graphic file (type png)
<use docs/latex/images//Model.png>
Package pdftex.def Info: docs/latex/images//Model.png  used on input line 55.
(pdftex.def)             Requested size: 436.94667pt x 172.5pt.

Overfull \hbox (91.94667pt too wide) in paragraph at lines 55--56
[][] 
 []

<docs/latex/images//User.png, id=21, 313.17pt x 166.6225pt>
File: docs/latex/images//User.png Graphic file (type png)
<use docs/latex/images//User.png>
Package pdftex.def Info: docs/latex/images//User.png  used on input line 82.
(pdftex.def)             Requested size: 172.5pt x 91.78249pt.

Overfull \hbox (10.10632pt too wide) in paragraph at lines 91--92
\OT1/cmr/m/n/12 lui-m^eme, telles que l'ajout d'actions par-ti-c-uli^^Reres ou 
l'attribution
 []


Overfull \hbox (2.04253pt too wide) in paragraph at lines 93--94
[]\OT1/cmr/m/n/12 Pour les ac-tions du march^^Se , nous g^^Sen^^Serons des ac-t
ions al^^Seatoires
 []

[3 <./docs/latex/images//Model.png (PNG copy)>]
<docs/latex/images//Marche.png, id=27, 336.25626pt x 166.6225pt>
File: docs/latex/images//Marche.png Graphic file (type png)
<use docs/latex/images//Marche.png>
Package pdftex.def Info: docs/latex/images//Marche.png  used on input line 99.
(pdftex.def)             Requested size: 172.5pt x 85.4772pt.
<docs/latex/images//action.png, id=28, 131.49126pt x 134.5025pt>
File: docs/latex/images//action.png Graphic file (type png)
<use docs/latex/images//action.png>
Package pdftex.def Info: docs/latex/images//action.png  used on input line 114.

(pdftex.def)             Requested size: 86.25pt x 88.22803pt.
 [4 <./docs/latex/images//User.png> <./docs/latex/images//Marche.png>]
Underfull \hbox (badness 10000) in paragraph at lines 125--128

 []


Underfull \hbox (badness 10000) in paragraph at lines 125--128

 []

<docs/latex/images//model_conception.png, id=32, 655.44875pt x 333.245pt>
File: docs/latex/images//model_conception.png Graphic file (type png)
<use docs/latex/images//model_conception.png>
Package pdftex.def Info: docs/latex/images//model_conception.png  used on input
 line 131.
(pdftex.def)             Requested size: 339.2851pt x 172.5pt.
<docs/latex/images//user_interface.png, id=33, 587.19376pt x 538.01pt>
File: docs/latex/images//user_interface.png Graphic file (type png)
<use docs/latex/images//user_interface.png>
Package pdftex.def Info: docs/latex/images//user_interface.png  used on input l
ine 140.
(pdftex.def)             Requested size: 310.4979pt x 284.48718pt.

Underfull \hbox (badness 10000) in paragraph at lines 140--142

 []

[5 <./docs/latex/images//action.png> <./docs/latex/images//model_conception.png
 (PNG copy)>]
<docs/latex/images//GUI.png, id=37, 601.24625pt x 409.53pt>
File: docs/latex/images//GUI.png Graphic file (type png)
<use docs/latex/images//GUI.png>
Package pdftex.def Info: docs/latex/images//GUI.png  used on input line 164.
(pdftex.def)             Requested size: 345.0pt x 234.99675pt.
 [6 <./docs/latex/images//user_interface.png>] [7 <./docs/latex/images//GUI.png
>] (docs/latex/out//conception.aux)

LaTeX Warning: There were multiply-defined labels.

 ) 
Here is how much of TeX's memory you used:
 2530 strings out of 480218
 44402 string characters out of 5894882
 327098 words of memory out of 5000000
 20467 multiletter control sequences out of 15000+600000
 474494 words of font info for 45 fonts, out of 8000000 for 9000
 14 hyphenation exceptions out of 8191
 55i,6n,62p,405b,292s stack positions out of 5000i,500n,10000p,200000b,80000s
 </user/8/mohameml/.texlive2021/texmf-var/fonts/pk/ljfour/jknappen/ec/tcrm120
0.600pk></usr/share/texlive/texmf-dist/fonts/type1/public/amsfonts/cm/cmbx12.pf
b></usr/share/texlive/texmf-dist/fonts/type1/public/amsfonts/cm/cmcsc10.pfb></u
sr/share/texlive/texmf-dist/fonts/type1/public/amsfonts/cm/cmmi12.pfb></usr/sha
re/texlive/texmf-dist/fonts/type1/public/amsfonts/cm/cmr10.pfb></usr/share/texl
ive/texmf-dist/fonts/type1/public/amsfonts/cm/cmr12.pfb></usr/share/texlive/tex
mf-dist/fonts/type1/public/amsfonts/cm/cmti12.pfb>
Output written on docs/latex/out//conception.pdf (8 pages, 288762 bytes).
PDF statistics:
 77 PDF objects out of 1000 (max. 8388607)
 43 compressed objects within 1 object stream
 0 named destinations out of 1000 (max. 500000)
 41 words of extra memory for PDF output out of 10000 (max. 10000000)

